Сборка начата 24.09.2016 10:15:48.
     1>Проект "C:\Users\Oleg Gutsev\Documents\Visual Studio 2013\Projects\Lab2OOP\Lab2OOP\Lab2OOP.vcxproj" в узле 2 (целевые объекты Build).
     1>ClCompile:
         C:\Program Files (x86)\Microsoft Visual Studio 12.0\VC\bin\CL.exe /c /ZI /nologo /W3 /WX- /sdl /Od /Oy- /D WIN32 /D _DEBUG /D _CONSOLE /D _LIB /D _UNICODE /D UNICODE /Gm /EHsc /RTC1 /MDd /GS /fp:precise /Zc:wchar_t /Zc:forScope /Yu"stdafx.h" /Fp"Debug\Lab2OOP.pch" /Fo"Debug\\" /Fd"Debug\vc120.pdb" /Gd /TP /analyze- /errorReport:prompt Airline.cpp main.cpp
         main.cpp
     1>c:\users\oleg gutsev\documents\visual studio 2013\projects\lab2oop\lab2oop\main.cpp(1): warning C4627: #include <iostream>: пропущен при поиске использования предкомпилированного заголовка
                 Добавление директивы в "stdafx.h" или перестройка предкомпилированного заголовка
         Создание кода...
         Компиляция...
         Airline.cpp
     1>c:\users\oleg gutsev\documents\visual studio 2013\projects\lab2oop\lab2oop\airline.cpp(1): warning C4627: #include <iostream>: пропущен при поиске использования предкомпилированного заголовка
                 Добавление директивы в "stdafx.h" или перестройка предкомпилированного заголовка
         Создание кода...
       Link:
         C:\Program Files (x86)\Microsoft Visual Studio 12.0\VC\bin\link.exe /ERRORREPORT:PROMPT /OUT:"C:\Users\Oleg Gutsev\Documents\Visual Studio 2013\Projects\Lab2OOP\Debug\Lab2OOP.exe" /INCREMENTAL /NOLOGO kernel32.lib user32.lib gdi32.lib winspool.lib comdlg32.lib advapi32.lib shell32.lib ole32.lib oleaut32.lib uuid.lib odbc32.lib odbccp32.lib /MANIFEST /MANIFESTUAC:"level='asInvoker' uiAccess='false'" /manifest:embed /DEBUG /PDB:"C:\Users\Oleg Gutsev\Documents\Visual Studio 2013\Projects\Lab2OOP\Debug\Lab2OOP.pdb" /SUBSYSTEM:CONSOLE /TLBID:1 /DYNAMICBASE /NXCOMPAT /IMPLIB:"C:\Users\Oleg Gutsev\Documents\Visual Studio 2013\Projects\Lab2OOP\Debug\Lab2OOP.lib" /MACHINE:X86 Debug\Airline.obj
         Debug\main.obj
         Debug\stdafx.obj
         Lab2OOP.vcxproj -> C:\Users\Oleg Gutsev\Documents\Visual Studio 2013\Projects\Lab2OOP\Debug\Lab2OOP.exe
     1>Сборка проекта "C:\Users\Oleg Gutsev\Documents\Visual Studio 2013\Projects\Lab2OOP\Lab2OOP\Lab2OOP.vcxproj" завершена (целевые объекты Build).

Сборка успешно завершена.

Затраченное время: 00:00:05.98
