Сборка начата 01.10.2016 11:02:33.
     1>Проект "C:\Users\Oleg Gutsev\Documents\Visual Studio 2013\Projects\Lab4OOP\Lab3OOP\Lab3OOP.vcxproj" в узле 2 (целевые объекты Build).
     1>C:\Program Files (x86)\MSBuild\Microsoft.Cpp\v4.0\V120\Microsoft.CppBuild.targets(388,5): warning MSB8028: The intermediate directory (Debug\) contains files shared from another project (Lab3OOP.vcxproj).  This can lead to incorrect clean and rebuild behavior.
     1>ClCompile:
         C:\Program Files (x86)\Microsoft Visual Studio 12.0\VC\bin\CL.exe /c /ZI /nologo /W3 /WX- /sdl /Od /Oy- /D WIN32 /D _DEBUG /D _CONSOLE /D _LIB /D _UNICODE /D UNICODE /Gm /EHsc /RTC1 /MDd /GS /fp:precise /Zc:wchar_t /Zc:forScope /Yu"stdafx.h" /Fp"Debug\Lab4OOP.pch" /Fo"Debug\\" /Fd"Debug\vc120.pdb" /Gd /TP /analyze- /errorReport:prompt main.cpp
         main.cpp
       Link:
         C:\Program Files (x86)\Microsoft Visual Studio 12.0\VC\bin\link.exe /ERRORREPORT:PROMPT /OUT:"C:\Users\Oleg Gutsev\Documents\Visual Studio 2013\Projects\Lab4OOP\Debug\Lab4OOP.exe" /INCREMENTAL /NOLOGO kernel32.lib user32.lib gdi32.lib winspool.lib comdlg32.lib advapi32.lib shell32.lib ole32.lib oleaut32.lib uuid.lib odbc32.lib odbccp32.lib /MANIFEST /MANIFESTUAC:"level='asInvoker' uiAccess='false'" /manifest:embed /DEBUG /PDB:"C:\Users\Oleg Gutsev\Documents\Visual Studio 2013\Projects\Lab4OOP\Debug\Lab4OOP.pdb" /SUBSYSTEM:CONSOLE /TLBID:1 /DYNAMICBASE /NXCOMPAT /IMPLIB:"C:\Users\Oleg Gutsev\Documents\Visual Studio 2013\Projects\Lab4OOP\Debug\Lab4OOP.lib" /MACHINE:X86 Debug\Car.obj
         Debug\Captain.obj
         Debug\Corvette.obj
         Debug\main.obj
         Debug\Mercedes.obj
         Debug\SailingShip.obj
         Debug\Ship.obj
         Debug\stdafx.obj
         Debug\SteamShip.obj
         Debug\vehicle.obj
         Lab3OOP.vcxproj -> C:\Users\Oleg Gutsev\Documents\Visual Studio 2013\Projects\Lab4OOP\Debug\Lab4OOP.exe
     1>Сборка проекта "C:\Users\Oleg Gutsev\Documents\Visual Studio 2013\Projects\Lab4OOP\Lab3OOP\Lab3OOP.vcxproj" завершена (целевые объекты Build).

Сборка успешно завершена.

Затраченное время: 00:00:02.66
